{"/Users/brunovittoria/Documents/PROJECTS/project-clean-node-api/src/presentation/controllers/signup.ts": {"path":"/Users/brunovittoria/Documents/PROJECTS/project-clean-node-api/src/presentation/controllers/signup.ts","all":false,"statementMap":{"0":{"start":{"line":1,"column":0},"end":{"line":1,"column":84}},"1":{"start":{"line":2,"column":0},"end":{"line":2,"column":64}},"2":{"start":{"line":3,"column":0},"end":{"line":3,"column":64}},"3":{"start":{"line":4,"column":0},"end":{"line":4,"column":0}},"4":{"start":{"line":5,"column":0},"end":{"line":5,"column":54}},"5":{"start":{"line":6,"column":0},"end":{"line":6,"column":0}},"6":{"start":{"line":7,"column":0},"end":{"line":7,"column":49}},"7":{"start":{"line":8,"column":0},"end":{"line":8,"column":0}},"8":{"start":{"line":9,"column":0},"end":{"line":9,"column":48}},"9":{"start":{"line":10,"column":0},"end":{"line":10,"column":40}},"10":{"start":{"line":11,"column":0},"end":{"line":11,"column":3}},"11":{"start":{"line":12,"column":0},"end":{"line":12,"column":0}},"12":{"start":{"line":13,"column":0},"end":{"line":13,"column":51}},"13":{"start":{"line":14,"column":0},"end":{"line":14,"column":0}},"14":{"start":{"line":15,"column":0},"end":{"line":15,"column":8}},"15":{"start":{"line":16,"column":0},"end":{"line":16,"column":4}},"16":{"start":{"line":17,"column":0},"end":{"line":17,"column":82}},"17":{"start":{"line":18,"column":0},"end":{"line":18,"column":0}},"18":{"start":{"line":19,"column":0},"end":{"line":19,"column":42}},"19":{"start":{"line":20,"column":0},"end":{"line":20,"column":38}},"20":{"start":{"line":21,"column":0},"end":{"line":21,"column":57}},"21":{"start":{"line":22,"column":0},"end":{"line":22,"column":9}},"22":{"start":{"line":23,"column":0},"end":{"line":23,"column":7}},"23":{"start":{"line":24,"column":0},"end":{"line":24,"column":0}},"24":{"start":{"line":25,"column":0},"end":{"line":25,"column":79}},"25":{"start":{"line":26,"column":0},"end":{"line":26,"column":72}},"26":{"start":{"line":27,"column":0},"end":{"line":27,"column":7}},"27":{"start":{"line":28,"column":0},"end":{"line":28,"column":0}},"28":{"start":{"line":29,"column":0},"end":{"line":29,"column":73}},"29":{"start":{"line":30,"column":0},"end":{"line":30,"column":20}},"30":{"start":{"line":31,"column":0},"end":{"line":31,"column":57}},"31":{"start":{"line":32,"column":0},"end":{"line":32,"column":7}},"32":{"start":{"line":33,"column":0},"end":{"line":33,"column":0}},"33":{"start":{"line":34,"column":0},"end":{"line":34,"column":14}},"34":{"start":{"line":35,"column":0},"end":{"line":35,"column":24}},"35":{"start":{"line":36,"column":0},"end":{"line":36,"column":16}},"36":{"start":{"line":37,"column":0},"end":{"line":37,"column":7}},"37":{"start":{"line":38,"column":0},"end":{"line":38,"column":21}},"38":{"start":{"line":39,"column":0},"end":{"line":39,"column":26}},"39":{"start":{"line":40,"column":0},"end":{"line":40,"column":5}},"40":{"start":{"line":41,"column":0},"end":{"line":41,"column":3}},"41":{"start":{"line":42,"column":0},"end":{"line":42,"column":1}}},"s":{"0":1,"1":1,"2":1,"3":1,"4":1,"5":1,"6":1,"7":1,"8":1,"9":8,"10":8,"11":1,"12":1,"13":8,"14":8,"15":8,"16":8,"17":8,"18":8,"19":26,"20":4,"21":4,"22":26,"23":4,"24":8,"25":1,"26":1,"27":3,"28":3,"29":8,"30":1,"31":1,"32":1,"33":1,"34":1,"35":1,"36":1,"37":1,"38":1,"39":1,"40":8,"41":1},"branchMap":{"0":{"type":"branch","line":9,"loc":{"start":{"line":9,"column":2},"end":{"line":11,"column":3}},"locations":[{"start":{"line":9,"column":2},"end":{"line":11,"column":3}}]},"1":{"type":"branch","line":13,"loc":{"start":{"line":13,"column":2},"end":{"line":41,"column":3}},"locations":[{"start":{"line":13,"column":2},"end":{"line":41,"column":3}}]},"2":{"type":"branch","line":19,"loc":{"start":{"line":19,"column":41},"end":{"line":23,"column":7}},"locations":[{"start":{"line":19,"column":41},"end":{"line":23,"column":7}}]},"3":{"type":"branch","line":20,"loc":{"start":{"line":20,"column":37},"end":{"line":22,"column":9}},"locations":[{"start":{"line":20,"column":37},"end":{"line":22,"column":9}}]},"4":{"type":"branch","line":24,"loc":{"start":{"line":24,"column":-1},"end":{"line":25,"column":78}},"locations":[{"start":{"line":24,"column":-1},"end":{"line":25,"column":78}}]},"5":{"type":"branch","line":25,"loc":{"start":{"line":25,"column":78},"end":{"line":27,"column":7}},"locations":[{"start":{"line":25,"column":78},"end":{"line":27,"column":7}}]},"6":{"type":"branch","line":28,"loc":{"start":{"line":28,"column":-1},"end":{"line":30,"column":19}},"locations":[{"start":{"line":28,"column":-1},"end":{"line":30,"column":19}}]},"7":{"type":"branch","line":30,"loc":{"start":{"line":30,"column":19},"end":{"line":40,"column":5}},"locations":[{"start":{"line":30,"column":19},"end":{"line":40,"column":5}}]}},"b":{"0":[8],"1":[8],"2":[26],"3":[4],"4":[4],"5":[1],"6":[3],"7":[1]},"fnMap":{"0":{"name":"SignupController","decl":{"start":{"line":9,"column":2},"end":{"line":11,"column":3}},"loc":{"start":{"line":9,"column":2},"end":{"line":11,"column":3}},"line":9},"1":{"name":"handle","decl":{"start":{"line":13,"column":2},"end":{"line":41,"column":3}},"loc":{"start":{"line":13,"column":2},"end":{"line":41,"column":3}},"line":13}},"f":{"0":8,"1":8}}
,"/Users/brunovittoria/Documents/PROJECTS/project-clean-node-api/src/presentation/errors/index.ts": {"path":"/Users/brunovittoria/Documents/PROJECTS/project-clean-node-api/src/presentation/errors/index.ts","all":false,"statementMap":{"0":{"start":{"line":1,"column":0},"end":{"line":1,"column":37}},"1":{"start":{"line":2,"column":0},"end":{"line":2,"column":37}},"2":{"start":{"line":3,"column":0},"end":{"line":3,"column":30}}},"s":{"0":1,"1":1,"2":1},"branchMap":{},"b":{},"fnMap":{},"f":{}}
,"/Users/brunovittoria/Documents/PROJECTS/project-clean-node-api/src/presentation/protocols/index.ts": {"path":"/Users/brunovittoria/Documents/PROJECTS/project-clean-node-api/src/presentation/protocols/index.ts","all":true,"statementMap":{"0":{"start":{"line":1,"column":0},"end":{"line":1,"column":28}},"1":{"start":{"line":2,"column":0},"end":{"line":2,"column":33}},"2":{"start":{"line":3,"column":0},"end":{"line":3,"column":22}}},"s":{"0":0,"1":0,"2":0},"branchMap":{"0":{"type":"branch","line":1,"loc":{"start":{"line":1,"column":0},"end":{"line":3,"column":22}},"locations":[{"start":{"line":1,"column":0},"end":{"line":3,"column":22}}]}},"b":{"0":[0]},"fnMap":{"0":{"name":"(empty-report)","decl":{"start":{"line":1,"column":0},"end":{"line":3,"column":22}},"loc":{"start":{"line":1,"column":0},"end":{"line":3,"column":22}},"line":1}},"f":{"0":0}}
}
