TN:
SF:src/presentation/controllers/signup.ts
FN:11,SignupController
FN:15,handle
FNF:2
FNH:2
FNDA:7,SignupController
FNDA:7,handle
DA:1,1
DA:2,1
DA:3,1
DA:4,1
DA:5,1
DA:6,1
DA:7,1
DA:8,1
DA:9,1
DA:10,1
DA:11,1
DA:12,7
DA:13,7
DA:14,1
DA:15,1
DA:16,7
DA:17,7
DA:18,7
DA:19,7
DA:20,7
DA:21,7
DA:22,22
DA:23,4
DA:24,4
DA:25,22
DA:26,3
DA:27,3
DA:28,7
DA:29,2
DA:30,2
DA:31,0
DA:32,0
DA:33,0
DA:34,0
DA:35,0
DA:36,7
DA:37,1
DA:38,1
DA:39,7
DA:40,1
LF:40
LH:35
BRDA:11,0,0,7
BRDA:15,1,0,7
BRDA:21,2,0,22
BRDA:22,3,0,4
BRDA:26,4,0,3
BRDA:28,5,0,2
BRDA:31,6,0,0
BRDA:36,7,0,1
BRF:8
BRH:7
end_of_record
TN:
SF:src/presentation/errors/index.ts
FNF:0
FNH:0
DA:1,1
DA:2,1
DA:3,1
LF:3
LH:3
BRF:0
BRH:0
end_of_record
TN:
SF:src/presentation/protocols/email-validator.ts
FN:1,(empty-report)
FNF:1
FNH:0
FNDA:0,(empty-report)
DA:1,0
DA:2,0
DA:3,0
LF:3
LH:0
BRDA:1,0,0,0
BRF:1
BRH:0
end_of_record
