TN:
SF:src/presentation/controllers/signup.ts
FN:13,SignupController
FN:17,handle
FNF:2
FNH:2
FNDA:7,SignupController
FNDA:7,handle
DA:1,1
DA:2,1
DA:3,1
DA:4,1
DA:5,1
DA:6,1
DA:7,1
DA:8,1
DA:9,1
DA:10,1
DA:11,1
DA:12,1
DA:13,1
DA:14,7
DA:15,7
DA:16,1
DA:17,1
DA:18,7
DA:19,7
DA:20,7
DA:21,7
DA:22,7
DA:23,7
DA:24,22
DA:25,4
DA:26,4
DA:27,22
DA:28,3
DA:29,3
DA:30,7
DA:31,2
DA:32,2
DA:33,0
DA:34,0
DA:35,0
DA:36,0
DA:37,0
DA:38,7
DA:39,1
DA:40,1
DA:41,1
DA:42,1
DA:43,1
DA:44,7
DA:45,1
LF:45
LH:40
BRDA:13,0,0,7
BRDA:17,1,0,7
BRDA:23,2,0,22
BRDA:24,3,0,4
BRDA:28,4,0,3
BRDA:30,5,0,2
BRDA:33,6,0,0
BRDA:38,7,0,1
BRF:8
BRH:7
end_of_record
TN:
SF:src/presentation/errors/invalid-param-error.ts
FN:2,InvalidParamError
FNF:1
FNH:1
FNDA:3,InvalidParamError
DA:1,1
DA:2,1
DA:3,3
DA:4,3
DA:5,3
DA:6,1
LF:6
LH:6
BRDA:2,0,0,3
BRF:1
BRH:1
end_of_record
TN:
SF:src/presentation/errors/missing-param-error.ts
FN:2,MissingParamError
FNF:1
FNH:1
FNDA:8,MissingParamError
DA:1,1
DA:2,1
DA:3,8
DA:4,8
DA:5,8
DA:6,1
LF:6
LH:6
BRDA:2,0,0,8
BRF:1
BRH:1
end_of_record
TN:
SF:src/presentation/errors/server-error.ts
FN:2,ServerError
FNF:1
FNH:1
FNDA:2,ServerError
DA:1,1
DA:2,1
DA:3,2
DA:4,2
DA:5,2
DA:6,1
LF:6
LH:6
BRDA:2,0,0,2
BRF:1
BRH:1
end_of_record
TN:
SF:src/presentation/protocols/email-validator.ts
FN:1,(empty-report)
FNF:1
FNH:0
FNDA:0,(empty-report)
DA:1,0
DA:2,0
DA:3,0
LF:3
LH:0
BRDA:1,0,0,0
BRF:1
BRH:0
end_of_record
